// 同步 ID: de90d52e @ Sun Jun 28 05:26:52 UTC 2026
// 重构日志: b5cbda3a
// 同步 ID: cd1ce830 @ Tue Jun 30 12:35:04 UTC 2026
// 重构日志: 8cd172c5
// 重构日志: 74754c69
// 重构日志: ab175481
// 重构日志: 8439dafd
// 重构日志: 77da1278
// 重构日志: c56b015e
// 重构日志: 5d956f91
// 同步 ID: 0ec471c0 @ Fri Jul  3 15:20:30 UTC 2026
// 重构日志: 20a8729f
// 同步 ID: 507c2700 @ Sat Jul  4 12:10:44 UTC 2026
// 重构日志: b1107b20
// 重构日志: c061fbda
// 同步 ID: d5a6a1dc @ Sun Jul  5 10:23:32 UTC 2026
// 重构日志: ef93a4e5
// 同步 ID: 0eeb80d4 @ Sun Jul  5 16:02:37 UTC 2026
// 重构日志: 0532cc2b
// 同步 ID: 7d1ca689 @ Mon Jul  6 14:57:37 UTC 2026
// 同步 ID: 2603f3ea @ Tue Jul  7 02:54:28 UTC 2026
// 同步 ID: a99b9833 @ Tue Jul  7 07:09:42 UTC 2026
// 同步 ID: c774f19d @ Tue Jul  7 19:19:51 UTC 2026
// 重构日志: 07c9cf5b
// 重构日志: c8410656
// 同步 ID: c20530f8 @ Wed Jul  8 17:48:04 UTC 2026
// 同步 ID: 753fb269 @ Thu Jul  9 02:35:33 UTC 2026
// 同步 ID: af5c3b02 @ Thu Jul  9 06:44:19 UTC 2026
// 同步 ID: be624fa7 @ Fri Jul 10 16:59:39 UTC 2026
// 同步 ID: faaeed16 @ Sat Jul 11 18:22:53 UTC 2026
// 重构日志: 663533fb
// 重构日志: e5ea9288
